<?xml version="1.0" encoding="UTF-8"?>
<!-- Generated by org.testng.reporters.JUnitXMLReporter -->
<testsuite ignored="0" hostname="DESKTOP-7N5R1H4" failures="0" tests="1" name="test1" time="0.123" errors="0" timestamp="2021-02-02T11:11:20 IST">
  <testcase classname="practise.TestNG_Parallel_Params" name="@BeforeMethod setUp" time="-1.612244479997E9">
    <failure type="org.testng.TestNGException" message="
Parameter &amp;apos;browser&amp;apos; is required by BeforeMethod on method setUp but has not been marked @Optional or defined
in C:\Users\ramba\eclipse-workspace\WebDriverExercise\testNGParametrs.xml">
      <![CDATA[org.testng.TestNGException: 
Parameter 'browser' is required by BeforeMethod on method setUp but has not been marked @Optional or defined
in C:\Users\ramba\eclipse-workspace\WebDriverExercise\testNGParametrs.xml
at java.base/java.util.ArrayList.forEach(ArrayList.java:1541)
... Removed 28 stack frames]]>
    </failure>
  </testcase> <!-- @BeforeMethod setUp -->
  <testcase classname="practise.TestNG_Parallel_Params" name="test" time="0.0">
    <skipped/>
  </testcase> <!-- test -->
</testsuite> <!-- test1 -->
